2023-12-22T03:34:44.125Z 	 info: Azurite Blob service is starting on 127.0.0.1:10000
2023-12-22T03:34:44.126Z 	 info: AccountDataStore:init() Refresh accounts from environment variable AZURITE_ACCOUNTS with value undefined
2023-12-22T03:34:44.126Z 	 info: AccountDataStore:init() Fallback to default emulator account devstoreaccount1.
2023-12-22T03:34:44.132Z 	 info: BlobGCManager:start() Starting BlobGCManager. Set status to Initializing.
2023-12-22T03:34:44.132Z 	 info: BlobGCManager:start() Trigger mark and sweep loop. Set status to Running.
2023-12-22T03:34:44.132Z 	 info: BlobGCManager:markSweepLoop() Start next mark and sweep.
2023-12-22T03:34:44.132Z 	 info: BlobGCManager:markSweep() Get all extents.
2023-12-22T03:34:44.133Z 	 info: BlobGCManager:start() BlobGCManager successfully started.
2023-12-22T03:34:44.133Z 	 info: BlobGCManager:markSweep() Got 0 extents.
2023-12-22T03:34:44.134Z 	 info: BlobGCManager:markSweep() Get referred extents.
2023-12-22T03:34:44.134Z 	 info: BlobGCManager:markSweep() Got referred extents, unreferenced extents count is 0.
2023-12-22T03:34:44.134Z 	 info: BlobGCManager:markSweepLoop() Mark and sweep finished, taken 2ms.
2023-12-22T03:34:44.134Z 	 info: BlobGCManager:markSweepLoop() Sleep for 600000ms.
2023-12-22T03:34:44.135Z 	 info: Azurite Blob service successfully listens on http://127.0.0.1:10000
2023-12-22T03:34:44.135Z 	 info: Azurite Queue service is starting on 127.0.0.1:10001
2023-12-22T03:34:44.135Z 	 info: AccountDataStore:init() Refresh accounts from environment variable AZURITE_ACCOUNTS with value undefined
2023-12-22T03:34:44.135Z 	 info: AccountDataStore:init() Fallback to default emulator account devstoreaccount1.
2023-12-22T03:34:44.138Z 	 info: QueueGCManager:start() Starting QueueGCManager, set status to Initializing
2023-12-22T03:34:44.138Z 	 info: QueueGCManager:start() Trigger mark and sweep loop, set status to Running.
2023-12-22T03:34:44.138Z 	 info: QueueGCManager:markSweepLoop() Start new mark and sweep.
2023-12-22T03:34:44.139Z 	 info: QueueGCManger:markSweep() Get all extents.
2023-12-22T03:34:44.139Z 	 info: QueueGCManager:start() QueueGCManager successfully started.
2023-12-22T03:34:44.139Z 	 info: QueueGCManager:marksweep() Get 0 extents.
2023-12-22T03:34:44.139Z 	 info: QueueGCManager:markSweep() Get referred extents, then remove from allExtents.
2023-12-22T03:34:44.139Z 	 info: QueueGCManager:markSweep() Got referred extents, unreferenced extents count is 0.
2023-12-22T03:34:44.139Z 	 info: QueueGCManager:markSweepLoop() Mark and sweep finished, take 0ms.
2023-12-22T03:34:44.139Z 	 info: QueueGCManager:markSweepLoop() Sleep for 60000
2023-12-22T03:34:44.139Z 	 info: Azurite Queue service successfully listens on http://127.0.0.1:10001
2023-12-22T03:34:44.139Z 	 info: Azurite Table service is starting on 127.0.0.1:10002
2023-12-22T03:34:44.139Z 	 info: AccountDataStore:init() Refresh accounts from environment variable AZURITE_ACCOUNTS with value undefined
2023-12-22T03:34:44.139Z 	 info: AccountDataStore:init() Fallback to default emulator account devstoreaccount1.
2023-12-22T03:34:44.141Z 	 info: Azurite Table service successfully listens on http://127.0.0.1:10002
